<?xml version="1.0" encoding="UTF-8"?>
<testng-results ignored="0" total="6" passed="5" failed="1" skipped="0">
  <reporter-output>
  </reporter-output>
  <suite started-at="2022-10-05T13:30:04 PDT" name="Suite" finished-at="2022-10-05T13:30:46 PDT" duration-ms="42287">
    <groups>
    </groups>
    <test started-at="2022-10-05T13:30:04 PDT" name="Regression" finished-at="2022-10-05T13:30:46 PDT" duration-ms="42287">
      <class name="com.salesforce.test.tests.SalesforceAutomation">
        <test-method is-config="true" signature="SetUpBeforeTest()[pri:0, instance:com.salesforce.test.tests.SalesforceAutomation@3a6f2de3]" started-at="2022-10-05T13:30:04 PDT" name="SetUpBeforeTest" finished-at="2022-10-05T13:30:04 PDT" duration-ms="210" status="PASS">
          <reporter-output>
          </reporter-output>
        </test-method> <!-- SetUpBeforeTest -->
        <test-method is-config="true" signature="setUp(java.lang.String,java.lang.reflect.Method)[pri:0, instance:com.salesforce.test.tests.SalesforceAutomation@3a6f2de3]" started-at="2022-10-05T13:30:04 PDT" name="setUp" finished-at="2022-10-05T13:30:09 PDT" duration-ms="5223" status="PASS">
          <params>
            <param index="0">
              <value>
                <![CDATA[chrome]]>
              </value>
            </param>
            <param index="1">
              <value>
                <![CDATA[public static void com.salesforce.test.tests.SalesforceAutomation.LoginErrorMessage()]]>
              </value>
            </param>
          </params>
          <reporter-output>
          </reporter-output>
        </test-method> <!-- setUp -->
        <test-method signature="LoginErrorMessage()[pri:0, instance:com.salesforce.test.tests.SalesforceAutomation@3a6f2de3]" started-at="2022-10-05T13:30:09 PDT" name="LoginErrorMessage" finished-at="2022-10-05T13:30:11 PDT" duration-ms="2025" status="PASS">
          <reporter-output>
          </reporter-output>
        </test-method> <!-- LoginErrorMessage -->
        <test-method is-config="true" signature="setUp(java.lang.String,java.lang.reflect.Method)[pri:0, instance:com.salesforce.test.tests.SalesforceAutomation@3a6f2de3]" started-at="2022-10-05T13:30:11 PDT" name="setUp" finished-at="2022-10-05T13:30:13 PDT" duration-ms="2005" status="PASS">
          <params>
            <param index="0">
              <value>
                <![CDATA[chrome]]>
              </value>
            </param>
            <param index="1">
              <value>
                <![CDATA[public static void com.salesforce.test.tests.SalesforceAutomation.LoginToSalesForce()]]>
              </value>
            </param>
          </params>
          <reporter-output>
          </reporter-output>
        </test-method> <!-- setUp -->
        <test-method signature="LoginToSalesForce()[pri:0, instance:com.salesforce.test.tests.SalesforceAutomation@3a6f2de3]" started-at="2022-10-05T13:30:13 PDT" name="LoginToSalesForce" finished-at="2022-10-05T13:30:20 PDT" duration-ms="6709" status="FAIL">
          <exception class="org.openqa.selenium.NoSuchElementException">
            <message>
              <![CDATA[no such element: Unable to locate element: {"method":"css selector","selector":"#rememberUn"}
  (Session info: chrome=105.0.5195.127)
For documentation on this error, please visit: https://selenium.dev/exceptions/#no_such_element
Build info: version: '4.4.0', revision: 'e5c75ed026a'
System info: host: 'SAHILBHAYANA', ip: '192.168.1.68', os.name: 'Windows 11', os.arch: 'amd64', os.version: '10.0', java.version: '18.0.2.1'
Driver info: org.openqa.selenium.chrome.ChromeDriver
Command: [86c914fcedc5f04d438682c594ff566f, findElement {using=id, value=rememberUn}]
Capabilities {acceptInsecureCerts: false, browserName: chrome, browserVersion: 105.0.5195.127, chrome: {chromedriverVersion: 105.0.5195.52 (412c95e51883..., userDataDir: C:\Users\sahil\AppData\Loca...}, goog:chromeOptions: {debuggerAddress: localhost:52997}, networkConnectionEnabled: false, pageLoadStrategy: normal, platformName: WINDOWS, proxy: Proxy(), se:cdp: ws://localhost:52997/devtoo..., se:cdpVersion: 105.0.5195.127, setWindowRect: true, strictFileInteractability: false, timeouts: {implicit: 0, pageLoad: 300000, script: 30000}, unhandledPromptBehavior: dismiss and notify, webauthn:extension:credBlob: true, webauthn:extension:largeBlob: true, webauthn:virtualAuthenticators: true}
Session ID: 86c914fcedc5f04d438682c594ff566f]]>
            </message>
            <full-stacktrace>
              <![CDATA[org.openqa.selenium.NoSuchElementException: no such element: Unable to locate element: {"method":"css selector","selector":"#rememberUn"}
  (Session info: chrome=105.0.5195.127)
For documentation on this error, please visit: https://selenium.dev/exceptions/#no_such_element
Build info: version: '4.4.0', revision: 'e5c75ed026a'
System info: host: 'SAHILBHAYANA', ip: '192.168.1.68', os.name: 'Windows 11', os.arch: 'amd64', os.version: '10.0', java.version: '18.0.2.1'
Driver info: org.openqa.selenium.chrome.ChromeDriver
Command: [86c914fcedc5f04d438682c594ff566f, findElement {using=id, value=rememberUn}]
Capabilities {acceptInsecureCerts: false, browserName: chrome, browserVersion: 105.0.5195.127, chrome: {chromedriverVersion: 105.0.5195.52 (412c95e51883..., userDataDir: C:\Users\sahil\AppData\Loca...}, goog:chromeOptions: {debuggerAddress: localhost:52997}, networkConnectionEnabled: false, pageLoadStrategy: normal, platformName: WINDOWS, proxy: Proxy(), se:cdp: ws://localhost:52997/devtoo..., se:cdpVersion: 105.0.5195.127, setWindowRect: true, strictFileInteractability: false, timeouts: {implicit: 0, pageLoad: 300000, script: 30000}, unhandledPromptBehavior: dismiss and notify, webauthn:extension:credBlob: true, webauthn:extension:largeBlob: true, webauthn:virtualAuthenticators: true}
Session ID: 86c914fcedc5f04d438682c594ff566f
at java.base/jdk.internal.reflect.DirectConstructorHandleAccessor.newInstance(DirectConstructorHandleAccessor.java:67)
at java.base/java.lang.reflect.Constructor.newInstanceWithCaller(Constructor.java:499)
at java.base/java.lang.reflect.Constructor.newInstance(Constructor.java:483)
at org.openqa.selenium.remote.codec.w3c.W3CHttpResponseCodec.createException(W3CHttpResponseCodec.java:200)
at org.openqa.selenium.remote.codec.w3c.W3CHttpResponseCodec.decode(W3CHttpResponseCodec.java:133)
at org.openqa.selenium.remote.codec.w3c.W3CHttpResponseCodec.decode(W3CHttpResponseCodec.java:53)
at org.openqa.selenium.remote.HttpCommandExecutor.execute(HttpCommandExecutor.java:184)
at org.openqa.selenium.remote.service.DriverCommandExecutor.invokeExecute(DriverCommandExecutor.java:167)
at org.openqa.selenium.remote.service.DriverCommandExecutor.execute(DriverCommandExecutor.java:142)
at org.openqa.selenium.remote.RemoteWebDriver.execute(RemoteWebDriver.java:547)
at org.openqa.selenium.remote.ElementLocation$ElementFinder$2.findElement(ElementLocation.java:162)
at org.openqa.selenium.remote.ElementLocation.findElement(ElementLocation.java:60)
at org.openqa.selenium.remote.RemoteWebDriver.findElement(RemoteWebDriver.java:365)
at org.openqa.selenium.remote.RemoteWebDriver.findElement(RemoteWebDriver.java:357)
at org.openqa.selenium.support.pagefactory.DefaultElementLocator.findElement(DefaultElementLocator.java:70)
at org.openqa.selenium.support.pagefactory.internal.LocatingElementHandler.invoke(LocatingElementHandler.java:39)
at jdk.proxy2/jdk.proxy2.$Proxy34.isDisplayed(Unknown Source)
at com.salesforce.test.pages.base.BasePage.clickButton(BasePage.java:262)
at com.salesforce.test.pages.login.LoginPage.clickReminderButton(LoginPage.java:37)
at com.salesforce.test.pages.login.LoginPage.login(LoginPage.java:51)
at com.salesforce.test.tests.SalesforceAutomation.LoginToSalesForce(SalesforceAutomation.java:48)
at java.base/jdk.internal.reflect.DirectMethodHandleAccessor.invoke(DirectMethodHandleAccessor.java:104)
at java.base/java.lang.reflect.Method.invoke(Method.java:577)
at org.testng.internal.invokers.MethodInvocationHelper.invokeMethod(MethodInvocationHelper.java:139)
at org.testng.internal.invokers.TestInvoker.invokeMethod(TestInvoker.java:677)
at org.testng.internal.invokers.TestInvoker.invokeTestMethod(TestInvoker.java:221)
at org.testng.internal.invokers.MethodRunner.runInSequence(MethodRunner.java:50)
at org.testng.internal.invokers.TestInvoker$MethodInvocationAgent.invoke(TestInvoker.java:962)
at org.testng.internal.invokers.TestInvoker.invokeTestMethods(TestInvoker.java:194)
at org.testng.internal.invokers.TestMethodWorker.invokeTestMethods(TestMethodWorker.java:148)
at org.testng.internal.invokers.TestMethodWorker.run(TestMethodWorker.java:128)
at java.base/java.util.ArrayList.forEach(ArrayList.java:1511)
at org.testng.TestRunner.privateRun(TestRunner.java:806)
at org.testng.TestRunner.run(TestRunner.java:601)
at org.testng.SuiteRunner.runTest(SuiteRunner.java:433)
at org.testng.SuiteRunner.runSequentially(SuiteRunner.java:427)
at org.testng.SuiteRunner.privateRun(SuiteRunner.java:387)
at org.testng.SuiteRunner.run(SuiteRunner.java:330)
at org.testng.SuiteRunnerWorker.runSuite(SuiteRunnerWorker.java:52)
at org.testng.SuiteRunnerWorker.run(SuiteRunnerWorker.java:95)
at org.testng.TestNG.runSuitesSequentially(TestNG.java:1256)
at org.testng.TestNG.runSuitesLocally(TestNG.java:1176)
at org.testng.TestNG.runSuites(TestNG.java:1099)
at org.testng.TestNG.run(TestNG.java:1067)
at org.testng.remote.AbstractRemoteTestNG.run(AbstractRemoteTestNG.java:115)
at org.testng.remote.RemoteTestNG.initAndRun(RemoteTestNG.java:251)
at org.testng.remote.RemoteTestNG.main(RemoteTestNG.java:77)
]]>
            </full-stacktrace>
          </exception> <!-- org.openqa.selenium.NoSuchElementException -->
          <reporter-output>
          </reporter-output>
        </test-method> <!-- LoginToSalesForce -->
        <test-method is-config="true" signature="setUp(java.lang.String,java.lang.reflect.Method)[pri:0, instance:com.salesforce.test.tests.SalesforceAutomation@3a6f2de3]" started-at="2022-10-05T13:30:20 PDT" name="setUp" finished-at="2022-10-05T13:30:22 PDT" duration-ms="1816" status="PASS">
          <params>
            <param index="0">
              <value>
                <![CDATA[chrome]]>
              </value>
            </param>
            <param index="1">
              <value>
                <![CDATA[public static void com.salesforce.test.tests.SalesforceAutomation.CheckRememberMe()]]>
              </value>
            </param>
          </params>
          <reporter-output>
          </reporter-output>
        </test-method> <!-- setUp -->
        <test-method signature="CheckRememberMe()[pri:0, instance:com.salesforce.test.tests.SalesforceAutomation@3a6f2de3]" started-at="2022-10-05T13:30:22 PDT" name="CheckRememberMe" finished-at="2022-10-05T13:30:30 PDT" duration-ms="8000" status="PASS">
          <reporter-output>
          </reporter-output>
        </test-method> <!-- CheckRememberMe -->
        <test-method is-config="true" signature="setUp(java.lang.String,java.lang.reflect.Method)[pri:0, instance:com.salesforce.test.tests.SalesforceAutomation@3a6f2de3]" started-at="2022-10-05T13:30:30 PDT" name="setUp" finished-at="2022-10-05T13:30:31 PDT" duration-ms="1615" status="PASS">
          <params>
            <param index="0">
              <value>
                <![CDATA[chrome]]>
              </value>
            </param>
            <param index="1">
              <value>
                <![CDATA[public static void com.salesforce.test.tests.SalesforceAutomation.Chrome4A() throws java.lang.InterruptedException]]>
              </value>
            </param>
          </params>
          <reporter-output>
          </reporter-output>
        </test-method> <!-- setUp -->
        <test-method signature="Chrome4A()[pri:0, instance:com.salesforce.test.tests.SalesforceAutomation@3a6f2de3]" started-at="2022-10-05T13:30:31 PDT" name="Chrome4A" finished-at="2022-10-05T13:30:33 PDT" duration-ms="1466" status="PASS">
          <reporter-output>
          </reporter-output>
        </test-method> <!-- Chrome4A -->
        <test-method is-config="true" signature="setUp(java.lang.String,java.lang.reflect.Method)[pri:0, instance:com.salesforce.test.tests.SalesforceAutomation@3a6f2de3]" started-at="2022-10-05T13:30:33 PDT" name="setUp" finished-at="2022-10-05T13:30:36 PDT" duration-ms="2893" status="PASS">
          <params>
            <param index="0">
              <value>
                <![CDATA[chrome]]>
              </value>
            </param>
            <param index="1">
              <value>
                <![CDATA[public static void com.salesforce.test.tests.SalesforceAutomation.ValidateLoginErrorMessage() throws java.lang.InterruptedException]]>
              </value>
            </param>
          </params>
          <reporter-output>
          </reporter-output>
        </test-method> <!-- setUp -->
        <test-method signature="ValidateLoginErrorMessage()[pri:0, instance:com.salesforce.test.tests.SalesforceAutomation@3a6f2de3]" started-at="2022-10-05T13:30:36 PDT" name="ValidateLoginErrorMessage" finished-at="2022-10-05T13:30:37 PDT" duration-ms="1138" status="PASS">
          <reporter-output>
          </reporter-output>
        </test-method> <!-- ValidateLoginErrorMessage -->
        <test-method is-config="true" signature="setUp(java.lang.String,java.lang.reflect.Method)[pri:0, instance:com.salesforce.test.tests.SalesforceAutomation@3a6f2de3]" started-at="2022-10-05T13:30:37 PDT" name="setUp" finished-at="2022-10-05T13:30:39 PDT" duration-ms="1967" status="PASS">
          <params>
            <param index="0">
              <value>
                <![CDATA[chrome]]>
              </value>
            </param>
            <param index="1">
              <value>
                <![CDATA[public static void com.salesforce.test.tests.SalesforceAutomation.TC05() throws java.lang.InterruptedException]]>
              </value>
            </param>
          </params>
          <reporter-output>
          </reporter-output>
        </test-method> <!-- setUp -->
        <test-method signature="TC05()[pri:0, instance:com.salesforce.test.tests.SalesforceAutomation@3a6f2de3]" started-at="2022-10-05T13:30:39 PDT" name="TC05" finished-at="2022-10-05T13:30:45 PDT" duration-ms="6585" status="PASS">
          <reporter-output>
          </reporter-output>
        </test-method> <!-- TC05 -->
        <test-method is-config="true" signature="teardownAfterTest()[pri:0, instance:com.salesforce.test.tests.SalesforceAutomation@3a6f2de3]" started-at="2022-10-05T13:30:45 PDT" name="teardownAfterTest" finished-at="2022-10-05T13:30:46 PDT" duration-ms="554" status="PASS">
          <reporter-output>
          </reporter-output>
        </test-method> <!-- teardownAfterTest -->
      </class> <!-- com.salesforce.test.tests.SalesforceAutomation -->
    </test> <!-- Regression -->
  </suite> <!-- Suite -->
</testng-results>
